<?xml version="1.0" encoding="UTF-8"?>
<!-- Generated by org.testng.reporters.JUnitReportReporter -->
<testsuite hostname="DESKTOP-S8RM62I" failures="0" tests="6" name="test.PrioritizedandNonPrioritized$Login" time="0.006" errors="0" timestamp="2025-06-17T00:20:12 IST" skipped="0">
  <testcase classname="test.PrioritizedandNonPrioritized$Login" name="sendEmail" time="0.001"/>
  <system-out/>
  <testcase classname="test.PrioritizedandNonPrioritized$Login" name="loginTest" time="0.001"/>
  <system-out/>
  <testcase classname="test.PrioritizedandNonPrioritized$Login" name="registerTest" time="0.001"/>
  <system-out/>
  <testcase classname="test.PrioritizedandNonPrioritized$Login" name="meetUp" time="0.001"/>
  <system-out/>
  <testcase classname="test.PrioritizedandNonPrioritized$Login" name="checkCalendar" time="0.001"/>
  <system-out/>
  <testcase classname="test.PrioritizedandNonPrioritized$Login" name="logoutTest" time="0.001"/>
  <system-out/>
</testsuite> <!-- test.PrioritizedandNonPrioritized$Login -->
