<?xml version="1.0" encoding="UTF-8"?>
<!-- Generated by org.testng.reporters.JUnitReportReporter -->
<testsuite hostname="LAPTOP-D7ID1N72" failures="0" tests="1" name="test.day2" time="0.001" errors="0" timestamp="2022-12-14T13:18:06 IST" skipped="0">
  <testcase classname="test.day2" name="ploan" time="0.001"/>
  <system-out/>
</testsuite> <!-- test.day2 -->
