<?xml version="1.0" encoding="UTF-8"?>
<!-- Generated by org.testng.reporters.JUnitReportReporter -->
<testsuite hostname="DESKTOP-S8RM62I" failures="0" tests="1" name="test.day1" time="0.011" errors="0" timestamp="2025-06-17T00:35:11 IST" skipped="0">
  <testcase classname="test.day1" name="Demo" time="0.011"/>
  <system-out/>
</testsuite> <!-- test.day1 -->
