<?xml version="1.0" encoding="UTF-8"?>
<!-- Generated by org.testng.reporters.JUnitReportReporter -->
<testsuite hostname="LAPTOP-D7ID1N72" failures="0" tests="2" name="test.NegativePriority" time="0.024" errors="0" timestamp="2022-12-13T20:44:54 IST" skipped="0">
  <testcase classname="test.NegativePriority" name="logoutTest" time="0.022"/>
  <system-out/>
  <testcase classname="test.NegativePriority" name="loginTest" time="0.002"/>
  <system-out/>
</testsuite> <!-- test.NegativePriority -->
