<?xml version="1.0" encoding="UTF-8"?>
<!-- Generated by org.testng.reporters.JUnitReportReporter -->
<testsuite hostname="LAPTOP-D7ID1N72" failures="0" tests="5" name="test.TestNGPriority" time="0.035" errors="0" timestamp="2022-12-14T11:59:05 IST" skipped="0">
  <testcase classname="test.TestNGPriority" name="test3" time="0.025"/>
  <system-out/>
  <testcase classname="test.TestNGPriority" name="testNopriority" time="0.004"/>
  <system-out/>
  <testcase classname="test.TestNGPriority" name="testZeropriority" time="0.002"/>
  <system-out/>
  <testcase classname="test.TestNGPriority" name="test1" time="0.002"/>
  <system-out/>
  <testcase classname="test.TestNGPriority" name="test2" time="0.002"/>
  <system-out/>
</testsuite> <!-- test.TestNGPriority -->
