<?xml version="1.0" encoding="UTF-8"?>
<!-- Generated by org.testng.reporters.JUnitReportReporter -->
<testsuite hostname="LAPTOP-D7ID1N72" failures="0" tests="3" name="test.IAnnotationTransformerWithExample" time="0.011" errors="0" timestamp="2022-12-14T16:32:11 IST" skipped="0">
  <testcase classname="test.IAnnotationTransformerWithExample" name="changeInvocationCountOfMethod" time="0.001"/>
  <system-out/>
  <testcase classname="test.IAnnotationTransformerWithExample" name="changeInvocationCountOfMethod" time="0.002"/>
  <system-out/>
  <testcase classname="test.IAnnotationTransformerWithExample" name="changeInvocationCountOfMethod" time="0.008"/>
  <system-out/>
</testsuite> <!-- test.IAnnotationTransformerWithExample -->
