<?xml version="1.0" encoding="UTF-8"?>
<!-- Generated by org.testng.reporters.JUnitReportReporter -->
<testsuite hostname="DESKTOP-S8RM62I" failures="0" tests="5" name="test.TestNGPriority" time="0.003" errors="0" timestamp="2025-06-17T00:20:12 IST" skipped="0">
  <testcase classname="test.TestNGPriority" name="test3" time="0.000"/>
  <system-out/>
  <testcase classname="test.TestNGPriority" name="testZeropriority" time="0.000"/>
  <system-out/>
  <testcase classname="test.TestNGPriority" name="testNopriority" time="0.001"/>
  <system-out/>
  <testcase classname="test.TestNGPriority" name="test1" time="0.001"/>
  <system-out/>
  <testcase classname="test.TestNGPriority" name="test2" time="0.001"/>
  <system-out/>
</testsuite> <!-- test.TestNGPriority -->
