<?xml version="1.0" encoding="UTF-8"?>
<!-- Generated by org.testng.reporters.JUnitReportReporter -->
<testsuite hostname="LAPTOP-D7ID1N72" failures="0" tests="6" name="test.PrioritizedandNonPrioritized$Login" time="0.030" errors="0" timestamp="2022-12-13T23:03:20 IST" skipped="0">
  <testcase classname="test.PrioritizedandNonPrioritized$Login" name="sendEmail" time="0.014"/>
  <system-out/>
  <testcase classname="test.PrioritizedandNonPrioritized$Login" name="loginTest" time="0.002"/>
  <system-out/>
  <testcase classname="test.PrioritizedandNonPrioritized$Login" name="meetUp" time="0.009"/>
  <system-out/>
  <testcase classname="test.PrioritizedandNonPrioritized$Login" name="registerTest" time="0.002"/>
  <system-out/>
  <testcase classname="test.PrioritizedandNonPrioritized$Login" name="logoutTest" time="0.001"/>
  <system-out/>
  <testcase classname="test.PrioritizedandNonPrioritized$Login" name="checkCalendar" time="0.002"/>
  <system-out/>
</testsuite> <!-- test.PrioritizedandNonPrioritized$Login -->
