<?xml version="1.0" encoding="UTF-8"?>
<!-- Generated by org.testng.reporters.JUnitReportReporter -->
<testsuite hostname="DESKTOP-S8RM62I" failures="0" tests="2" name="test.NegativePriority" time="0.003" errors="0" timestamp="2025-06-17T00:20:12 IST" skipped="0">
  <testcase classname="test.NegativePriority" name="logoutTest" time="0.002"/>
  <system-out/>
  <testcase classname="test.NegativePriority" name="loginTest" time="0.001"/>
  <system-out/>
</testsuite> <!-- test.NegativePriority -->
