<?xml version="1.0" encoding="UTF-8"?>
<!-- Generated by org.testng.reporters.JUnitReportReporter -->
<testsuite hostname="DESKTOP-S8RM62I" failures="0" tests="3" name="test.day4" time="0.008" errors="0" timestamp="2025-06-17T00:35:11 IST" skipped="0">
  <testcase classname="test.day4" name="WebloginHomeLoan" time="0.003"/>
  <system-out/>
  <testcase classname="test.day4" name="MobileLoginHomeLoan" time="0.002"/>
  <system-out/>
  <testcase classname="test.day4" name="LoginAPIHomeLoan" time="0.003"/>
  <system-out/>
</testsuite> <!-- test.day4 -->
