<?xml version="1.0" encoding="UTF-8"?>
<!-- Generated by org.testng.reporters.JUnitReportReporter -->
<testsuite hostname="LAPTOP-D7ID1N72" failures="0" tests="4" name="test.SamePriority" time="0.024" errors="0" timestamp="2022-12-13T21:03:05 IST" skipped="0">
  <testcase classname="test.SamePriority" name="loginTest" time="0.014"/>
  <system-out/>
  <testcase classname="test.SamePriority" name="AsendEmail" time="0.005"/>
  <system-out/>
  <testcase classname="test.SamePriority" name="registerTest" time="0.003"/>
  <system-out/>
  <testcase classname="test.SamePriority" name="logoutTest" time="0.002"/>
  <system-out/>
</testsuite> <!-- test.SamePriority -->
