<?xml version="1.0" encoding="UTF-8"?>
<!-- Generated by org.testng.reporters.JUnitReportReporter -->
<testsuite hostname="DESKTOP-S8RM62I" failures="0" tests="3" name="test.DefaultPriority" time="0.004" errors="0" timestamp="2025-06-17T00:20:12 IST" skipped="0">
  <testcase classname="test.DefaultPriority" name="bregisterTest" time="0.002"/>
  <system-out/>
  <testcase classname="test.DefaultPriority" name="cloginTest" time="0.000"/>
  <system-out/>
  <testcase classname="test.DefaultPriority" name="alogoutTest" time="0.002"/>
  <system-out/>
</testsuite> <!-- test.DefaultPriority -->
