<?xml version="1.0" encoding="UTF-8"?>
<!-- Generated by org.testng.reporters.JUnitReportReporter -->
<testsuite hostname="DESKTOP-S8RM62I" failures="0" tests="4" name="test.SamePriority" time="0.005" errors="0" timestamp="2025-06-17T00:20:12 IST" skipped="0">
  <testcase classname="test.SamePriority" name="loginTest" time="0.001"/>
  <system-out/>
  <testcase classname="test.SamePriority" name="registerTest" time="0.001"/>
  <system-out/>
  <testcase classname="test.SamePriority" name="AsendEmail" time="0.001"/>
  <system-out/>
  <testcase classname="test.SamePriority" name="logoutTest" time="0.002"/>
  <system-out/>
</testsuite> <!-- test.SamePriority -->
